2022-02-20 13:12:09 - reviewRepo started: 2022-02-20T13:12:09.229
2022-02-20 13:12:09 - UserRepo started: 2022-02-20T13:12:09.245
2022-02-20 13:12:09 - started: 2022-02-20T13:12:09.247
2022-02-20 13:12:10 - started: 2022-02-20T13:12:10.062
2022-02-20 13:12:17 - started: 2022-02-20T13:12:17.895
2022-02-20 13:12:20 - query is NOT NULL:
org.hibernate.query.internal.NativeQueryImpl@5ed54350
2022-02-20 13:12:23 - a new session has been created for user with ID: 7 and email Ahmad@gmail.com. creation time is: 1645384343731 session inactive Interval is: 50000
2022-02-20 13:12:33 - active session. Logged in user has ID: 7 and email: Ahmad@gmail.com. creation time is: 1645384343731
2022-02-20 13:12:59 - active session. Logged in user has ID: 7 and email: Ahmad@gmail.com. creation time is: 1645384343731
2022-02-20 13:14:26 - reviewRepo started: 2022-02-20T13:14:26.481
2022-02-20 13:14:26 - UserRepo started: 2022-02-20T13:14:26.489
2022-02-20 13:14:26 - started: 2022-02-20T13:14:26.491
2022-02-20 13:14:27 - started: 2022-02-20T13:14:27.157
2022-02-20 13:14:30 - started: 2022-02-20T13:14:30.012
2022-02-20 13:14:32 - query is NOT NULL:
org.hibernate.query.internal.NativeQueryImpl@27dff73a
2022-02-20 13:14:35 - a new session has been created for user with ID: 7 and email Ahmad@gmail.com. creation time is: 1645384475718 session inactive Interval is: 50000
2022-02-20 13:14:43 - active session. Logged in user has ID: 7 and email: Ahmad@gmail.com. creation time is: 1645384475718
2022-02-20 15:43:11 - reviewRepo started: 2022-02-20T15:43:11.666
2022-02-20 15:43:11 - UserRepo started: 2022-02-20T15:43:11.677
2022-02-20 15:43:11 - started: 2022-02-20T15:43:11.679
2022-02-20 15:43:12 - started: 2022-02-20T15:43:12.541
2022-02-20 15:43:22 - started: 2022-02-20T15:43:22.237
2022-02-20 15:43:23 - query is NOT NULL:
org.hibernate.query.internal.NativeQueryImpl@77460891
2022-02-20 15:43:24 - a new session has been created for user with ID: 7 and email Ahmad@gmail.com. creation time is: 1645393404086 session inactive Interval is: 50000
2022-02-20 15:43:41 - active session. Logged in user has ID: 7 and email: Ahmad@gmail.com. creation time is: 1645393404086
2022-02-20 15:57:14 - reviewRepo started: 2022-02-20T15:57:14.135
2022-02-20 15:57:14 - UserRepo started: 2022-02-20T15:57:14.142
2022-02-20 15:57:14 - started: 2022-02-20T15:57:14.145
2022-02-20 15:57:14 - started: 2022-02-20T15:57:14.768
2022-02-20 15:57:19 - started: 2022-02-20T15:57:19.226
2022-02-20 15:57:20 - query is NOT NULL:
org.hibernate.query.internal.NativeQueryImpl@5b6702ba
2022-02-20 15:57:20 - a new session has been created for user with ID: 2 and email sam@gmail.com. creation time is: 1645394240868 session inactive Interval is: 50000
2022-02-20 15:57:28 - active session. Logged in user has ID: 2 and email: sam@gmail.com. creation time is: 1645394240868
2022-02-20 15:58:57 - reviewRepo started: 2022-02-20T15:58:57.138
2022-02-20 15:58:57 - UserRepo started: 2022-02-20T15:58:57.142
2022-02-20 15:58:57 - started: 2022-02-20T15:58:57.145
2022-02-20 15:58:57 - started: 2022-02-20T15:58:57.748
2022-02-20 15:59:00 - started: 2022-02-20T15:59:00.676
2022-02-20 15:59:01 - query is NOT NULL:
org.hibernate.query.internal.NativeQueryImpl@124efb04
2022-02-20 15:59:02 - a new session has been created for user with ID: 2 and email sam@gmail.com. creation time is: 1645394342545 session inactive Interval is: 50000
2022-02-20 15:59:11 - active session. Logged in user has ID: 2 and email: sam@gmail.com. creation time is: 1645394342545
