2022-02-21 08:58:20 - reviewRepo started: 2022-02-21T08:58:20.476
2022-02-21 08:58:20 - UserRepo started: 2022-02-21T08:58:20.483
2022-02-21 08:58:20 - started: 2022-02-21T08:58:20.485
2022-02-21 08:58:21 - started: 2022-02-21T08:58:21.552
2022-02-21 09:00:12 - started: 2022-02-21T09:00:12.958
2022-02-21 09:00:13 - query is NOT NULL:
org.hibernate.query.internal.NativeQueryImpl@3748c4df
2022-02-21 09:00:14 - a new session has been created for user with ID: 7 and email Ahmad@gmail.com. creation time is: 1645455513379 session inactive Interval is: 50000
2022-02-21 09:00:21 - active session. Logged in user has ID: 7 and email: Ahmad@gmail.com. creation time is: 1645455513379
2022-02-21 09:00:30 - active session. Logged in user has ID: 7 and email: Ahmad@gmail.com. creation time is: 1645455513379
2022-02-21 15:30:22 - reviewRepo started: 2022-02-21T15:30:22.224
2022-02-21 15:30:22 - UserRepo started: 2022-02-21T15:30:22.237
2022-02-21 15:30:22 - started: 2022-02-21T15:30:22.240
2022-02-21 15:30:23 - started: 2022-02-21T15:30:23.327
2022-02-21 15:32:51 - reviewRepo started: 2022-02-21T15:32:51.891
2022-02-21 15:32:51 - UserRepo started: 2022-02-21T15:32:51.897
2022-02-21 15:32:51 - started: 2022-02-21T15:32:51.899
2022-02-21 15:32:52 - started: 2022-02-21T15:32:52.556
2022-02-21 15:36:39 - reviewRepo started: 2022-02-21T15:36:39.839
2022-02-21 15:36:39 - UserRepo started: 2022-02-21T15:36:39.847
2022-02-21 15:36:39 - started: 2022-02-21T15:36:39.850
2022-02-21 15:36:40 - started: 2022-02-21T15:36:40.569
2022-02-21 15:37:15 - started: 2022-02-21T15:37:15.756
2022-02-21 15:37:16 - query is NOT NULL:
org.hibernate.query.internal.NativeQueryImpl@45f228c4
2022-02-21 15:37:17 - a new session has been created for user with ID: 7 and email Ahmad@gmail.com. creation time is: 1645479437447 session inactive Interval is: 50000
2022-02-21 15:37:22 - you must be logged in to search for a city
2022-02-21 15:38:12 - reviewRepo started: 2022-02-21T15:38:12.861
2022-02-21 15:38:12 - UserRepo started: 2022-02-21T15:38:12.866
2022-02-21 15:38:12 - started: 2022-02-21T15:38:12.868
2022-02-21 15:38:13 - started: 2022-02-21T15:38:13.692
2022-02-21 15:38:19 - started: 2022-02-21T15:38:19.252
2022-02-21 15:38:19 - query is NOT NULL:
org.hibernate.query.internal.NativeQueryImpl@4b55f743
2022-02-21 15:38:20 - a new session has been created for user with ID: 7 and email Ahmad@gmail.com. creation time is: 1645479500634 session inactive Interval is: 50000
2022-02-21 15:38:23 - active session. Logged in user has ID: 7 and email: Ahmad@gmail.com. creation time is: 1645479500634
2022-02-21 15:38:48 - active session. Logged in user has ID: 7 and email: Ahmad@gmail.com. creation time is: 1645479500634
2022-02-21 15:38:56 - active session. Logged in user has ID: 7 and email: Ahmad@gmail.com. creation time is: 1645479500634
