2022-02-17 20:45:18 - started: 2022-02-17T20:45:18.880
2022-02-17 20:45:37 - started: 2022-02-17T20:45:37.751
2022-02-17 20:46:15 - started: 2022-02-17T20:46:15.877
2022-02-17 20:47:40 - started: 2022-02-17T20:47:40.690
2022-02-17 20:51:13 - started: 2022-02-17T20:51:13.904
2022-02-17 20:56:24 - started: 2022-02-17T20:56:24.109
2022-02-17 21:04:21 - started: 2022-02-17T21:04:21.701
2022-02-17 21:07:59 - started: 2022-02-17T21:07:59.613
2022-02-17 22:39:22 - started: 2022-02-17T22:39:22.732
2022-02-17 22:40:36 - started: 2022-02-17T22:40:36.687
2022-02-17 22:44:46 - started: 2022-02-17T22:44:46.015
2022-02-17 22:46:24 - started: 2022-02-17T22:46:24.672
2022-02-17 23:04:45 - started: 2022-02-17T23:04:45.744
2022-02-17 23:06:05 - started: 2022-02-17T23:06:05.769
2022-02-17 23:07:50 - started: 2022-02-17T23:07:50.729
2022-02-17 23:10:31 - started: 2022-02-17T23:10:31.672
2022-02-17 23:11:55 - started: 2022-02-17T23:11:55.294
2022-02-17 23:17:07 - started: 2022-02-17T23:17:07.842
2022-02-17 23:18:40 - started: 2022-02-17T23:18:40.254
2022-02-17 23:18:59 - started: 2022-02-17T23:18:59.322
2022-02-17 23:24:17 - started: 2022-02-17T23:24:17.264
2022-02-17 23:29:32 - started: 2022-02-17T23:29:32.599
2022-02-17 23:31:08 - started: 2022-02-17T23:31:08.984
2022-02-17 23:33:38 - started: 2022-02-17T23:33:38.252
2022-02-17 23:35:23 - started: 2022-02-17T23:35:23.142
2022-02-17 23:53:34 - started: 2022-02-17T23:53:34.908
2022-02-17 23:53:35 - started: 2022-02-17T23:53:35.791
2022-02-17 23:54:10 - started: 2022-02-17T23:54:10.905
2022-02-17 23:54:11 - query is NOT NULL:
org.hibernate.query.internal.NativeQueryImpl@5af10e0d
2022-02-17 23:54:12 - [Ljava.lang.Object; cannot be cast to com.revature.springbootdemo.beans.models.UserModel
	com.revature.springbootdemo.beans.repositories.CustomUserRepoImpl.findByName(CustomUserRepoImpl.java:119)
	com.revature.springbootdemo.beans.Controller.UserController.Login(UserController.java:48)
	sun.reflect.NativeMethodAccessorImpl.invoke0(Native Method)
	sun.reflect.NativeMethodAccessorImpl.invoke(NativeMethodAccessorImpl.java:62)
	sun.reflect.DelegatingMethodAccessorImpl.invoke(DelegatingMethodAccessorImpl.java:43)
	java.lang.reflect.Method.invoke(Method.java:498)
	org.springframework.web.method.support.InvocableHandlerMethod.doInvoke(InvocableHandlerMethod.java:205)
	org.springframework.web.method.support.InvocableHandlerMethod.invokeForRequest(InvocableHandlerMethod.java:150)
	org.springframework.web.servlet.mvc.method.annotation.ServletInvocableHandlerMethod.invokeAndHandle(ServletInvocableHandlerMethod.java:117)
	org.springframework.web.servlet.mvc.method.annotation.RequestMappingHandlerAdapter.invokeHandlerMethod(RequestMappingHandlerAdapter.java:895)

2022-02-17 23:56:12 - started: 2022-02-17T23:56:12.453
2022-02-17 23:56:13 - started: 2022-02-17T23:56:13.018
2022-02-17 23:56:22 - started: 2022-02-17T23:56:22.415
2022-02-17 23:56:23 - query is NOT NULL:
org.hibernate.query.internal.NativeQueryImpl@474d4036
2022-02-17 23:56:24 - [Ljava.lang.Object; cannot be cast to com.revature.springbootdemo.beans.models.UserModel
	com.revature.springbootdemo.beans.repositories.CustomUserRepoImpl.findByName(CustomUserRepoImpl.java:120)
	com.revature.springbootdemo.beans.Controller.UserController.Login(UserController.java:48)
	sun.reflect.NativeMethodAccessorImpl.invoke0(Native Method)
	sun.reflect.NativeMethodAccessorImpl.invoke(NativeMethodAccessorImpl.java:62)
	sun.reflect.DelegatingMethodAccessorImpl.invoke(DelegatingMethodAccessorImpl.java:43)
	java.lang.reflect.Method.invoke(Method.java:498)
	org.springframework.web.method.support.InvocableHandlerMethod.doInvoke(InvocableHandlerMethod.java:205)
	org.springframework.web.method.support.InvocableHandlerMethod.invokeForRequest(InvocableHandlerMethod.java:150)
	org.springframework.web.servlet.mvc.method.annotation.ServletInvocableHandlerMethod.invokeAndHandle(ServletInvocableHandlerMethod.java:117)
	org.springframework.web.servlet.mvc.method.annotation.RequestMappingHandlerAdapter.invokeHandlerMethod(RequestMappingHandlerAdapter.java:895)

2022-02-17 23:57:51 - started: 2022-02-17T23:57:51.818
2022-02-17 23:57:52 - started: 2022-02-17T23:57:52.413
2022-02-17 23:58:02 - started: 2022-02-17T23:58:02.640
2022-02-17 23:58:02 - started: 2022-02-17T23:58:02.800
2022-02-17 23:58:03 - query is NOT NULL:
org.hibernate.query.internal.NativeQueryImpl@1a69754f
2022-02-17 23:58:03 - query is NOT NULL:
org.hibernate.query.internal.NativeQueryImpl@246fc27d
2022-02-17 23:58:03 - [Ljava.lang.Object; cannot be cast to com.revature.springbootdemo.beans.models.UserModel
	com.revature.springbootdemo.beans.repositories.CustomUserRepoImpl.findByName(CustomUserRepoImpl.java:120)
	com.revature.springbootdemo.beans.Controller.UserController.Login(UserController.java:48)
	sun.reflect.NativeMethodAccessorImpl.invoke0(Native Method)
	sun.reflect.NativeMethodAccessorImpl.invoke(NativeMethodAccessorImpl.java:62)
	sun.reflect.DelegatingMethodAccessorImpl.invoke(DelegatingMethodAccessorImpl.java:43)
	java.lang.reflect.Method.invoke(Method.java:498)
	org.springframework.web.method.support.InvocableHandlerMethod.doInvoke(InvocableHandlerMethod.java:205)
	org.springframework.web.method.support.InvocableHandlerMethod.invokeForRequest(InvocableHandlerMethod.java:150)
	org.springframework.web.servlet.mvc.method.annotation.ServletInvocableHandlerMethod.invokeAndHandle(ServletInvocableHandlerMethod.java:117)
	org.springframework.web.servlet.mvc.method.annotation.RequestMappingHandlerAdapter.invokeHandlerMethod(RequestMappingHandlerAdapter.java:895)

2022-02-17 23:58:03 - [Ljava.lang.Object; cannot be cast to com.revature.springbootdemo.beans.models.UserModel
	com.revature.springbootdemo.beans.repositories.CustomUserRepoImpl.findByName(CustomUserRepoImpl.java:120)
	com.revature.springbootdemo.beans.Controller.UserController.Login(UserController.java:48)
	sun.reflect.NativeMethodAccessorImpl.invoke0(Native Method)
	sun.reflect.NativeMethodAccessorImpl.invoke(NativeMethodAccessorImpl.java:62)
	sun.reflect.DelegatingMethodAccessorImpl.invoke(DelegatingMethodAccessorImpl.java:43)
	java.lang.reflect.Method.invoke(Method.java:498)
	org.springframework.web.method.support.InvocableHandlerMethod.doInvoke(InvocableHandlerMethod.java:205)
	org.springframework.web.method.support.InvocableHandlerMethod.invokeForRequest(InvocableHandlerMethod.java:150)
	org.springframework.web.servlet.mvc.method.annotation.ServletInvocableHandlerMethod.invokeAndHandle(ServletInvocableHandlerMethod.java:117)
	org.springframework.web.servlet.mvc.method.annotation.RequestMappingHandlerAdapter.invokeHandlerMethod(RequestMappingHandlerAdapter.java:895)

