2022-02-22 10:02:00 - reviewRepo started: 2022-02-22T10:02:00.870
2022-02-22 10:02:00 - UserRepo started: 2022-02-22T10:02:00.880
2022-02-22 10:02:00 - started: 2022-02-22T10:02:00.882
2022-02-22 10:02:02 - started: 2022-02-22T10:02:02.010
2022-02-22 10:02:10 - you must be logged in before searching a city
2022-02-22 10:02:13 - You must be logged in to view reviews
2022-02-22 10:02:30 - you must be logged in to review content
2022-02-22 10:02:32 - You must be logged in to view reviews
2022-02-22 10:02:33 - you must be logged in before searching a city
2022-02-22 10:02:43 - started: 2022-02-22T10:02:43.495
2022-02-22 10:02:44 - query is NOT NULL:
org.hibernate.query.internal.NativeQueryImpl@2fd8a8c0
2022-02-22 10:02:45 - a new session has been created for user with ID: 7 and email Ahmad@gmail.com. creation time is: 1645545764999 session inactive Interval is: 50000
2022-02-22 10:02:51 - active session. Logged in user has ID: 7 and email: Ahmad@gmail.com. creation time is: 1645545764999
2022-02-22 10:17:49 - reviewRepo started: 2022-02-22T10:17:49.915
2022-02-22 10:17:49 - UserRepo started: 2022-02-22T10:17:49.966
2022-02-22 10:17:49 - started: 2022-02-22T10:17:49.976
2022-02-22 10:17:53 - started: 2022-02-22T10:17:53.423
2022-02-22 10:18:34 - you must be logged in before searching a city
2022-02-22 10:18:38 - You must be logged in to view reviews
2022-02-22 10:18:42 - you must be logged in to review content
2022-02-22 10:18:50 - started: 2022-02-22T10:18:50.211
2022-02-22 10:18:51 - query is NOT NULL:
org.hibernate.query.internal.NativeQueryImpl@71b6563a
2022-02-22 10:18:52 - a new session has been created for user with ID: 7 and email Ahmad@gmail.com. creation time is: 1645546732265 session inactive Interval is: 50000
2022-02-22 10:18:56 - active session. Logged in user has ID: 7 and email: Ahmad@gmail.com. creation time is: 1645546732265
2022-02-22 10:19:21 - active session. Logged in user has ID: 7 and email: Ahmad@gmail.com. creation time is: 1645546732265
