2022-02-18 00:03:07 - started: 2022-02-18T00:03:07.693
2022-02-18 00:03:08 - started: 2022-02-18T00:03:08.351
2022-02-18 00:03:21 - started: 2022-02-18T00:03:21.708
2022-02-18 00:03:22 - query is NOT NULL:
org.hibernate.query.internal.NativeQueryImpl@3c3e5b1c
2022-02-18 00:03:22 - query returned no results. user doesn't exist
2022-02-18 00:03:41 - started: 2022-02-18T00:03:41.460
2022-02-18 00:03:41 - query is NOT NULL:
org.hibernate.query.internal.NativeQueryImpl@2d1684b5
2022-02-18 00:03:49 - started: 2022-02-18T00:03:49.677
2022-02-18 00:03:50 - query is NOT NULL:
org.hibernate.query.internal.NativeQueryImpl@751bd7e0
2022-02-18 00:03:57 - started: 2022-02-18T00:03:57.014
2022-02-18 00:03:57 - query is NOT NULL:
org.hibernate.query.internal.NativeQueryImpl@35532682
2022-02-18 00:04:01 - started: 2022-02-18T00:04:01.655
2022-02-18 00:04:02 - query is NOT NULL:
org.hibernate.query.internal.NativeQueryImpl@48066fc1
2022-02-18 00:04:02 - query returned no results. user doesn't exist
2022-02-18 00:18:11 - started: 2022-02-18T00:18:11.020
2022-02-18 00:18:11 - started: 2022-02-18T00:18:11.944
2022-02-18 00:18:28 - started: 2022-02-18T00:18:28.159
2022-02-18 00:18:29 - query is NOT NULL:
org.hibernate.query.internal.NativeQueryImpl@4ed7b32c
2022-02-18 00:18:29 - [Ljava.lang.Object; cannot be cast to com.revature.springbootdemo.beans.models.UserModel
	com.revature.springbootdemo.beans.repositories.CustomUserRepoImpl.findByName(CustomUserRepoImpl.java:101)
	com.revature.springbootdemo.beans.Controller.UserController.Login(UserController.java:47)
	sun.reflect.NativeMethodAccessorImpl.invoke0(Native Method)
	sun.reflect.NativeMethodAccessorImpl.invoke(NativeMethodAccessorImpl.java:62)
	sun.reflect.DelegatingMethodAccessorImpl.invoke(DelegatingMethodAccessorImpl.java:43)
	java.lang.reflect.Method.invoke(Method.java:498)
	org.springframework.web.method.support.InvocableHandlerMethod.doInvoke(InvocableHandlerMethod.java:205)
	org.springframework.web.method.support.InvocableHandlerMethod.invokeForRequest(InvocableHandlerMethod.java:150)
	org.springframework.web.servlet.mvc.method.annotation.ServletInvocableHandlerMethod.invokeAndHandle(ServletInvocableHandlerMethod.java:117)
	org.springframework.web.servlet.mvc.method.annotation.RequestMappingHandlerAdapter.invokeHandlerMethod(RequestMappingHandlerAdapter.java:895)

2022-02-18 00:20:51 - started: 2022-02-18T00:20:51.182
2022-02-18 00:20:52 - started: 2022-02-18T00:20:52.331
2022-02-18 00:20:59 - started: 2022-02-18T00:20:59.366
2022-02-18 00:21:00 - query is NOT NULL:
org.hibernate.query.internal.NativeQueryImpl@3929348d
2022-02-18 00:21:00 - [Ljava.lang.Object; cannot be cast to com.revature.springbootdemo.beans.models.UserModel
	com.revature.springbootdemo.beans.repositories.CustomUserRepoImpl.findByName(CustomUserRepoImpl.java:101)
	com.revature.springbootdemo.beans.Controller.UserController.Login(UserController.java:47)
	sun.reflect.NativeMethodAccessorImpl.invoke0(Native Method)
	sun.reflect.NativeMethodAccessorImpl.invoke(NativeMethodAccessorImpl.java:62)
	sun.reflect.DelegatingMethodAccessorImpl.invoke(DelegatingMethodAccessorImpl.java:43)
	java.lang.reflect.Method.invoke(Method.java:498)
	org.springframework.web.method.support.InvocableHandlerMethod.doInvoke(InvocableHandlerMethod.java:205)
	org.springframework.web.method.support.InvocableHandlerMethod.invokeForRequest(InvocableHandlerMethod.java:150)
	org.springframework.web.servlet.mvc.method.annotation.ServletInvocableHandlerMethod.invokeAndHandle(ServletInvocableHandlerMethod.java:117)
	org.springframework.web.servlet.mvc.method.annotation.RequestMappingHandlerAdapter.invokeHandlerMethod(RequestMappingHandlerAdapter.java:895)

2022-02-18 00:23:25 - started: 2022-02-18T00:23:25.073
2022-02-18 00:23:25 - started: 2022-02-18T00:23:25.727
2022-02-18 00:23:35 - started: 2022-02-18T00:23:35.441
2022-02-18 00:23:36 - query is NOT NULL:
org.hibernate.query.internal.NativeQueryImpl@8352f67
2022-02-18 00:23:36 - [Ljava.lang.Object; cannot be cast to com.revature.springbootdemo.beans.models.UserModel
	com.revature.springbootdemo.beans.repositories.CustomUserRepoImpl.findByName(CustomUserRepoImpl.java:101)
	com.revature.springbootdemo.beans.Controller.UserController.Login(UserController.java:47)
	sun.reflect.NativeMethodAccessorImpl.invoke0(Native Method)
	sun.reflect.NativeMethodAccessorImpl.invoke(NativeMethodAccessorImpl.java:62)
	sun.reflect.DelegatingMethodAccessorImpl.invoke(DelegatingMethodAccessorImpl.java:43)
	java.lang.reflect.Method.invoke(Method.java:498)
	org.springframework.web.method.support.InvocableHandlerMethod.doInvoke(InvocableHandlerMethod.java:205)
	org.springframework.web.method.support.InvocableHandlerMethod.invokeForRequest(InvocableHandlerMethod.java:150)
	org.springframework.web.servlet.mvc.method.annotation.ServletInvocableHandlerMethod.invokeAndHandle(ServletInvocableHandlerMethod.java:117)
	org.springframework.web.servlet.mvc.method.annotation.RequestMappingHandlerAdapter.invokeHandlerMethod(RequestMappingHandlerAdapter.java:895)

2022-02-18 00:24:35 - started: 2022-02-18T00:24:35.924
2022-02-18 00:24:37 - started: 2022-02-18T00:24:37.040
2022-02-18 00:24:41 - started: 2022-02-18T00:24:41.706
2022-02-18 00:24:43 - query is NOT NULL:
org.hibernate.query.internal.NativeQueryImpl@9c65027
2022-02-18 00:24:43 - query returned no results. user doesn't exist
2022-02-18 00:24:50 - started: 2022-02-18T00:24:50.803
2022-02-18 00:24:52 - query is NOT NULL:
org.hibernate.query.internal.NativeQueryImpl@3b1557a4
2022-02-18 00:24:58 - started: 2022-02-18T00:24:58.657
2022-02-18 00:25:08 - query is NOT NULL:
org.hibernate.query.internal.NativeQueryImpl@1d7d6f4b
2022-02-18 00:25:14 - started: 2022-02-18T00:25:14.153
2022-02-18 00:25:15 - query is NOT NULL:
org.hibernate.query.internal.NativeQueryImpl@50794762
2022-02-18 00:25:15 - query returned no results. user doesn't exist
2022-02-18 08:54:35 - started: 2022-02-18T08:54:35.134
2022-02-18 08:54:36 - started: 2022-02-18T08:54:36.377
2022-02-18 08:56:04 - started: 2022-02-18T08:56:04.241
2022-02-18 08:56:04 - started: 2022-02-18T08:56:04.788
2022-02-18 08:57:13 - started: 2022-02-18T08:57:13.874
2022-02-18 08:57:14 - started: 2022-02-18T08:57:14.546
2022-02-18 08:58:27 - started: 2022-02-18T08:58:27.529
2022-02-18 08:58:28 - started: 2022-02-18T08:58:28.964
2022-02-18 09:00:29 - started: 2022-02-18T09:00:29.115
2022-02-18 09:00:30 - started: 2022-02-18T09:00:30.777
2022-02-18 09:02:23 - started: 2022-02-18T09:02:23.630
2022-02-18 09:02:26 - started: 2022-02-18T09:02:26.462
2022-02-18 09:03:03 - started: 2022-02-18T09:03:03.126
2022-02-18 09:03:03 - started: 2022-02-18T09:03:03.776
2022-02-18 09:08:55 - started: 2022-02-18T09:08:55.849
2022-02-18 09:08:56 - started: 2022-02-18T09:08:56.470
2022-02-18 09:09:38 - started: 2022-02-18T09:09:38.165
2022-02-18 09:09:53 - query is NOT NULL:
org.hibernate.query.internal.NativeQueryImpl@4d149e4f
2022-02-18 09:10:04 - started: 2022-02-18T09:10:04.738
2022-02-18 09:10:05 - query is NOT NULL:
org.hibernate.query.internal.NativeQueryImpl@5f2cd58c
2022-02-18 09:10:12 - started: 2022-02-18T09:10:12.798
2022-02-18 09:10:13 - query is NOT NULL:
org.hibernate.query.internal.NativeQueryImpl@6c15b424
2022-02-18 09:10:13 - query returned no results. user doesn't exist
2022-02-18 09:44:30 - started: 2022-02-18T09:44:30.324
2022-02-18 09:44:31 - started: 2022-02-18T09:44:31.907
2022-02-18 09:44:40 - started: 2022-02-18T09:44:40.473
2022-02-18 09:44:42 - query is NOT NULL:
org.hibernate.query.internal.NativeQueryImpl@5061417a
2022-02-18 10:26:46 - started: 2022-02-18T10:26:46.171
2022-02-18 10:26:47 - started: 2022-02-18T10:26:47.790
2022-02-18 10:27:24 - started: 2022-02-18T10:27:24.618
2022-02-18 10:27:25 - query is NOT NULL:
org.hibernate.query.internal.NativeQueryImpl@6713bc7c
2022-02-18 10:27:25 - query returned no results. user doesn't exist
2022-02-18 10:27:31 - started: 2022-02-18T10:27:31.792
2022-02-18 10:27:32 - query is NOT NULL:
org.hibernate.query.internal.NativeQueryImpl@5a509d9b
2022-02-18 10:28:05 - started: 2022-02-18T10:28:05.011
2022-02-18 10:28:05 - query is NOT NULL:
org.hibernate.query.internal.NativeQueryImpl@5ce7ec72
2022-02-18 10:29:35 - started: 2022-02-18T10:29:35.936
2022-02-18 10:29:36 - query is NOT NULL:
org.hibernate.query.internal.NativeQueryImpl@1bd189c5
2022-02-18 10:29:36 - query returned no results. user doesn't exist
2022-02-18 10:29:45 - started: 2022-02-18T10:29:45.723
2022-02-18 10:29:46 - query is NOT NULL:
org.hibernate.query.internal.NativeQueryImpl@3a8fb9da
