2022-02-19 00:02:03 - started: 2022-02-19T00:02:03.101
2022-02-19 00:02:03 - query is NOT NULL:
org.hibernate.query.internal.NativeQueryImpl@34aec82d
2022-02-19 00:02:04 - a new session has been created for user with email ron@gmail.com. creation time is: 1645250226541 session inactive Interval is: 500000
2022-02-19 00:02:43 - active session. Logged in user has email: ron@gmail.com. creation time is: 1645250226541
2022-02-19 00:03:43 - reviewRepo started: 2022-02-19T00:03:43.975
2022-02-19 00:03:44 - UserRepo started: 2022-02-19T00:03:44.022
2022-02-19 00:03:44 - started: 2022-02-19T00:03:44.038
2022-02-19 00:03:44 - started: 2022-02-19T00:03:44.591
2022-02-19 00:04:04 - reviewRepo started: 2022-02-19T00:04:04.190
2022-02-19 00:04:04 - UserRepo started: 2022-02-19T00:04:04.237
2022-02-19 00:04:04 - started: 2022-02-19T00:04:04.237
2022-02-19 00:04:04 - started: 2022-02-19T00:04:04.821
2022-02-19 00:04:13 - started: 2022-02-19T00:04:13.553
2022-02-19 00:04:14 - query is NOT NULL:
org.hibernate.query.internal.NativeQueryImpl@2423ebbb
2022-02-19 00:04:14 - a new session has been created for user with email ron@gmail.com. creation time is: 1645250654954 session inactive Interval is: 500000
2022-02-19 00:05:02 - reviewRepo started: 2022-02-19T00:05:02.524
2022-02-19 00:05:02 - UserRepo started: 2022-02-19T00:05:02.571
2022-02-19 00:05:02 - started: 2022-02-19T00:05:02.571
2022-02-19 00:05:03 - started: 2022-02-19T00:05:03.175
2022-02-19 00:05:09 - started: 2022-02-19T00:05:09.181
2022-02-19 00:05:09 - query is NOT NULL:
org.hibernate.query.internal.NativeQueryImpl@dcebe25
2022-02-19 00:05:10 - a new session has been created for user with email ron@gmail.com. creation time is: 1645250710722 session inactive Interval is: 500000
2022-02-19 00:06:15 - reviewRepo started: 2022-02-19T00:06:15.133
2022-02-19 00:06:15 - UserRepo started: 2022-02-19T00:06:15.211
2022-02-19 00:06:15 - started: 2022-02-19T00:06:15.211
2022-02-19 00:06:16 - started: 2022-02-19T00:06:16.055
2022-02-19 00:06:21 - started: 2022-02-19T00:06:21.908
2022-02-19 00:06:22 - query is NOT NULL:
org.hibernate.query.internal.NativeQueryImpl@589059ac
2022-02-19 00:06:23 - a new session has been created for user with email ron@gmail.com. creation time is: 1645250783170 session inactive Interval is: 500000
2022-02-19 00:06:29 - active session. Logged in user has email: ron@gmail.com. creation time is: 1645250783170
2022-02-19 00:14:04 - reviewRepo started: 2022-02-19T00:14:04.565
2022-02-19 00:14:04 - UserRepo started: 2022-02-19T00:14:04.627
2022-02-19 00:14:04 - started: 2022-02-19T00:14:04.627
2022-02-19 00:14:05 - started: 2022-02-19T00:14:05.170
2022-02-19 00:14:22 - started: 2022-02-19T00:14:22.377
2022-02-19 00:14:23 - query is NOT NULL:
org.hibernate.query.internal.NativeQueryImpl@22ad211f
2022-02-19 00:14:23 - a new session has been created for user with email ron@gmail.com. creation time is: 1645251263735 session inactive Interval is: 500000
2022-02-19 00:14:30 - active session. Logged in user has email: ron@gmail.com. creation time is: 1645251263735
2022-02-19 00:25:18 - reviewRepo started: 2022-02-19T00:25:18.240
2022-02-19 00:25:18 - UserRepo started: 2022-02-19T00:25:18.365
2022-02-19 00:25:18 - started: 2022-02-19T00:25:18.365
2022-02-19 00:25:18 - started: 2022-02-19T00:25:18.974
2022-02-19 00:25:49 - reviewRepo started: 2022-02-19T00:25:49.461
2022-02-19 00:25:49 - UserRepo started: 2022-02-19T00:25:49.577
2022-02-19 00:25:49 - started: 2022-02-19T00:25:49.581
2022-02-19 00:25:50 - started: 2022-02-19T00:25:50.194
2022-02-19 00:26:55 - reviewRepo started: 2022-02-19T00:26:55.296
2022-02-19 00:26:55 - UserRepo started: 2022-02-19T00:26:55.617
2022-02-19 00:26:55 - started: 2022-02-19T00:26:55.682
2022-02-19 00:26:58 - started: 2022-02-19T00:26:58.311
2022-02-19 00:27:15 - started: 2022-02-19T00:27:15.045
2022-02-19 00:27:15 - query is NOT NULL:
org.hibernate.query.internal.NativeQueryImpl@6463de40
2022-02-19 00:27:16 - a new session has been created for user with email Ahmad@gmail.com. creation time is: 1645252036332 session inactive Interval is: 500000
2022-02-19 00:27:22 - active session. Logged in user has email: Ahmad@gmail.com. creation time is: 1645252036332
2022-02-19 00:27:23 - could not execute statement; nested exception is org.hibernate.exception.JDBCConnectionException: could not execute statement
	org.springframework.orm.jpa.vendor.HibernateJpaDialect.convertHibernateAccessException(HibernateJpaDialect.java:255)
	org.springframework.orm.jpa.vendor.HibernateJpaDialect.translateExceptionIfPossible(HibernateJpaDialect.java:233)
	org.springframework.orm.jpa.AbstractEntityManagerFactoryBean.translateExceptionIfPossible(AbstractEntityManagerFactoryBean.java:551)
	org.springframework.dao.support.ChainedPersistenceExceptionTranslator.translateExceptionIfPossible(ChainedPersistenceExceptionTranslator.java:61)
	org.springframework.dao.support.DataAccessUtils.translateIfNecessary(DataAccessUtils.java:242)
	org.springframework.dao.support.PersistenceExceptionTranslationInterceptor.invoke(PersistenceExceptionTranslationInterceptor.java:152)
	org.springframework.aop.framework.ReflectiveMethodInvocation.proceed(ReflectiveMethodInvocation.java:186)
	org.springframework.data.jpa.repository.support.CrudMethodMetadataPostProcessor$CrudMethodMetadataPopulatingMethodInterceptor.invoke(CrudMethodMetadataPostProcessor.java:174)
	org.springframework.aop.framework.ReflectiveMethodInvocation.proceed(ReflectiveMethodInvocation.java:186)
	org.springframework.aop.interceptor.ExposeInvocationInterceptor.invoke(ExposeInvocationInterceptor.java:97)

2022-02-19 00:37:34 - reviewRepo started: 2022-02-19T00:37:34.976
2022-02-19 00:37:35 - UserRepo started: 2022-02-19T00:37:35.069
2022-02-19 00:37:35 - started: 2022-02-19T00:37:35.073
2022-02-19 00:37:35 - started: 2022-02-19T00:37:35.610
2022-02-19 00:37:41 - started: 2022-02-19T00:37:41.303
2022-02-19 00:37:41 - query is NOT NULL:
org.hibernate.query.internal.NativeQueryImpl@1f7ba229
2022-02-19 00:37:42 - a new session has been created for user with email Ahmad@gmail.com. creation time is: 1645252662635 session inactive Interval is: 500000
2022-02-19 00:37:49 - active session. Logged in user has email: Ahmad@gmail.com. creation time is: 1645252662635
2022-02-19 00:37:49 - could not execute statement; nested exception is org.hibernate.exception.JDBCConnectionException: could not execute statement
	org.springframework.orm.jpa.vendor.HibernateJpaDialect.convertHibernateAccessException(HibernateJpaDialect.java:255)
	org.springframework.orm.jpa.vendor.HibernateJpaDialect.translateExceptionIfPossible(HibernateJpaDialect.java:233)
	org.springframework.orm.jpa.AbstractEntityManagerFactoryBean.translateExceptionIfPossible(AbstractEntityManagerFactoryBean.java:551)
	org.springframework.dao.support.ChainedPersistenceExceptionTranslator.translateExceptionIfPossible(ChainedPersistenceExceptionTranslator.java:61)
	org.springframework.dao.support.DataAccessUtils.translateIfNecessary(DataAccessUtils.java:242)
	org.springframework.dao.support.PersistenceExceptionTranslationInterceptor.invoke(PersistenceExceptionTranslationInterceptor.java:152)
	org.springframework.aop.framework.ReflectiveMethodInvocation.proceed(ReflectiveMethodInvocation.java:186)
	org.springframework.data.jpa.repository.support.CrudMethodMetadataPostProcessor$CrudMethodMetadataPopulatingMethodInterceptor.invoke(CrudMethodMetadataPostProcessor.java:174)
	org.springframework.aop.framework.ReflectiveMethodInvocation.proceed(ReflectiveMethodInvocation.java:186)
	org.springframework.aop.interceptor.ExposeInvocationInterceptor.invoke(ExposeInvocationInterceptor.java:97)

2022-02-19 00:39:04 - reviewRepo started: 2022-02-19T00:39:04.736
2022-02-19 00:39:04 - UserRepo started: 2022-02-19T00:39:04.830
2022-02-19 00:39:04 - started: 2022-02-19T00:39:04.830
2022-02-19 00:39:05 - started: 2022-02-19T00:39:05.361
2022-02-19 00:39:25 - started: 2022-02-19T00:39:25.466
2022-02-19 00:39:26 - query is NOT NULL:
org.hibernate.query.internal.NativeQueryImpl@8d594ca
2022-02-19 00:39:26 - a new session has been created for user with email Ahmad@gmail.com. creation time is: 1645252766771 session inactive Interval is: 500000
2022-02-19 00:39:33 - active session. Logged in user has email: Ahmad@gmail.com. creation time is: 1645252766771
2022-02-19 00:39:33 - could not execute statement; nested exception is org.hibernate.exception.JDBCConnectionException: could not execute statement
	org.springframework.orm.jpa.vendor.HibernateJpaDialect.convertHibernateAccessException(HibernateJpaDialect.java:255)
	org.springframework.orm.jpa.vendor.HibernateJpaDialect.translateExceptionIfPossible(HibernateJpaDialect.java:233)
	org.springframework.orm.jpa.AbstractEntityManagerFactoryBean.translateExceptionIfPossible(AbstractEntityManagerFactoryBean.java:551)
	org.springframework.dao.support.ChainedPersistenceExceptionTranslator.translateExceptionIfPossible(ChainedPersistenceExceptionTranslator.java:61)
	org.springframework.dao.support.DataAccessUtils.translateIfNecessary(DataAccessUtils.java:242)
	org.springframework.dao.support.PersistenceExceptionTranslationInterceptor.invoke(PersistenceExceptionTranslationInterceptor.java:152)
	org.springframework.aop.framework.ReflectiveMethodInvocation.proceed(ReflectiveMethodInvocation.java:186)
	org.springframework.data.jpa.repository.support.CrudMethodMetadataPostProcessor$CrudMethodMetadataPopulatingMethodInterceptor.invoke(CrudMethodMetadataPostProcessor.java:174)
	org.springframework.aop.framework.ReflectiveMethodInvocation.proceed(ReflectiveMethodInvocation.java:186)
	org.springframework.aop.interceptor.ExposeInvocationInterceptor.invoke(ExposeInvocationInterceptor.java:97)

2022-02-19 00:41:42 - reviewRepo started: 2022-02-19T00:41:42.424
2022-02-19 00:41:42 - UserRepo started: 2022-02-19T00:41:42.526
2022-02-19 00:41:42 - started: 2022-02-19T00:41:42.528
2022-02-19 00:41:43 - started: 2022-02-19T00:41:43.167
2022-02-19 00:41:47 - started: 2022-02-19T00:41:47.033
2022-02-19 00:41:47 - query is NOT NULL:
org.hibernate.query.internal.NativeQueryImpl@63c2c398
2022-02-19 00:41:48 - a new session has been created for user with email ron@gmail.com. creation time is: 1645252908552 session inactive Interval is: 500000
2022-02-19 00:41:55 - active session. Logged in user has email: ron@gmail.com. creation time is: 1645252908552
2022-02-19 00:41:55 - could not execute statement; nested exception is org.hibernate.exception.JDBCConnectionException: could not execute statement
	org.springframework.orm.jpa.vendor.HibernateJpaDialect.convertHibernateAccessException(HibernateJpaDialect.java:255)
	org.springframework.orm.jpa.vendor.HibernateJpaDialect.translateExceptionIfPossible(HibernateJpaDialect.java:233)
	org.springframework.orm.jpa.AbstractEntityManagerFactoryBean.translateExceptionIfPossible(AbstractEntityManagerFactoryBean.java:551)
	org.springframework.dao.support.ChainedPersistenceExceptionTranslator.translateExceptionIfPossible(ChainedPersistenceExceptionTranslator.java:61)
	org.springframework.dao.support.DataAccessUtils.translateIfNecessary(DataAccessUtils.java:242)
	org.springframework.dao.support.PersistenceExceptionTranslationInterceptor.invoke(PersistenceExceptionTranslationInterceptor.java:152)
	org.springframework.aop.framework.ReflectiveMethodInvocation.proceed(ReflectiveMethodInvocation.java:186)
	org.springframework.data.jpa.repository.support.CrudMethodMetadataPostProcessor$CrudMethodMetadataPopulatingMethodInterceptor.invoke(CrudMethodMetadataPostProcessor.java:174)
	org.springframework.aop.framework.ReflectiveMethodInvocation.proceed(ReflectiveMethodInvocation.java:186)
	org.springframework.aop.interceptor.ExposeInvocationInterceptor.invoke(ExposeInvocationInterceptor.java:97)

2022-02-19 00:43:51 - reviewRepo started: 2022-02-19T00:43:51.601
2022-02-19 00:43:51 - UserRepo started: 2022-02-19T00:43:51.680
2022-02-19 00:43:51 - started: 2022-02-19T00:43:51.683
2022-02-19 00:43:52 - started: 2022-02-19T00:43:52.227
2022-02-19 00:43:55 - started: 2022-02-19T00:43:55.286
2022-02-19 00:43:55 - query is NOT NULL:
org.hibernate.query.internal.NativeQueryImpl@4b6f1d39
2022-02-19 00:43:56 - a new session has been created for user with email ron@gmail.com. creation time is: 1645253036592 session inactive Interval is: 500000
2022-02-19 00:44:06 - active session. Logged in user has email: ron@gmail.com. creation time is: 1645253036592
2022-02-19 00:48:29 - reviewRepo started: 2022-02-19T00:48:29.123
2022-02-19 00:48:29 - UserRepo started: 2022-02-19T00:48:29.220
2022-02-19 00:48:29 - started: 2022-02-19T00:48:29.223
2022-02-19 00:48:29 - started: 2022-02-19T00:48:29.889
2022-02-19 00:48:39 - started: 2022-02-19T00:48:39.242
2022-02-19 00:48:39 - query is NOT NULL:
org.hibernate.query.internal.NativeQueryImpl@6197b15e
2022-02-19 00:48:40 - a new session has been created for user with email Ahmad@gmail.com. creation time is: 1645253320667 session inactive Interval is: 500000
2022-02-19 00:48:47 - active session. Logged in user has email: Ahmad@gmail.com. creation time is: 1645253320667
2022-02-19 00:49:02 - query is NOT NULL:
org.hibernate.query.internal.NativeQueryImpl@70fa84cd
2022-02-19 00:49:02 - Executing an update/delete query
	org.hibernate.internal.AbstractSharedSessionContract.checkTransactionNeededForUpdateOperation(AbstractSharedSessionContract.java:445)
	org.hibernate.query.internal.AbstractProducedQuery.executeUpdate(AbstractProducedQuery.java:1692)
	com.revature.springbootdemo.beans.Controller.ReviewController.CreateReview(ReviewController.java:80)
	sun.reflect.NativeMethodAccessorImpl.invoke0(Native Method)
	sun.reflect.NativeMethodAccessorImpl.invoke(NativeMethodAccessorImpl.java:62)
	sun.reflect.DelegatingMethodAccessorImpl.invoke(DelegatingMethodAccessorImpl.java:43)
	java.lang.reflect.Method.invoke(Method.java:498)
	org.springframework.web.method.support.InvocableHandlerMethod.doInvoke(InvocableHandlerMethod.java:205)
	org.springframework.web.method.support.InvocableHandlerMethod.invokeForRequest(InvocableHandlerMethod.java:150)
	org.springframework.web.servlet.mvc.method.annotation.ServletInvocableHandlerMethod.invokeAndHandle(ServletInvocableHandlerMethod.java:117)

2022-02-19 01:03:25 - reviewRepo started: 2022-02-19T01:03:25.509
2022-02-19 01:03:25 - UserRepo started: 2022-02-19T01:03:25.608
2022-02-19 01:03:25 - started: 2022-02-19T01:03:25.611
2022-02-19 01:03:26 - started: 2022-02-19T01:03:26.155
2022-02-19 01:03:31 - started: 2022-02-19T01:03:31.120
2022-02-19 01:03:31 - query is NOT NULL:
org.hibernate.query.internal.NativeQueryImpl@248a0876
2022-02-19 01:03:32 - a new session has been created for user with email Ahmad@gmail.com. creation time is: 1645254212417 session inactive Interval is: 500000
2022-02-19 01:03:40 - active session. Logged in user has email: Ahmad@gmail.com. creation time is: 1645254212417
2022-02-19 01:03:44 - Format specifier '%s'
	java.util.Formatter.format(Formatter.java:2519)
	java.util.Formatter.format(Formatter.java:2455)
	java.lang.String.format(String.java:2940)
	com.revature.springbootdemo.beans.Controller.ReviewController.CreateReview(ReviewController.java:56)
	sun.reflect.NativeMethodAccessorImpl.invoke0(Native Method)
	sun.reflect.NativeMethodAccessorImpl.invoke(NativeMethodAccessorImpl.java:62)
	sun.reflect.DelegatingMethodAccessorImpl.invoke(DelegatingMethodAccessorImpl.java:43)
	java.lang.reflect.Method.invoke(Method.java:498)
	org.springframework.web.method.support.InvocableHandlerMethod.doInvoke(InvocableHandlerMethod.java:205)
	org.springframework.web.method.support.InvocableHandlerMethod.invokeForRequest(InvocableHandlerMethod.java:150)

2022-02-19 01:05:10 - reviewRepo started: 2022-02-19T01:05:10.778
2022-02-19 01:05:10 - UserRepo started: 2022-02-19T01:05:10.855
2022-02-19 01:05:10 - started: 2022-02-19T01:05:10.857
2022-02-19 01:05:11 - started: 2022-02-19T01:05:11.449
2022-02-19 01:05:15 - started: 2022-02-19T01:05:15.719
2022-02-19 01:05:16 - query is NOT NULL:
org.hibernate.query.internal.NativeQueryImpl@67a397c3
2022-02-19 01:05:16 - a new session has been created for user with email ron@gmail.com. creation time is: 1645254316976 session inactive Interval is: 500000
2022-02-19 01:05:28 - active session. Logged in user has email: ron@gmail.com. creation time is: 1645254316976
2022-02-19 01:08:00 - reviewRepo started: 2022-02-19T01:08:00.737
2022-02-19 01:08:00 - UserRepo started: 2022-02-19T01:08:00.800
2022-02-19 01:08:00 - started: 2022-02-19T01:08:00.800
2022-02-19 01:08:01 - started: 2022-02-19T01:08:01.383
2022-02-19 01:08:12 - started: 2022-02-19T01:08:12.002
2022-02-19 01:08:12 - query is NOT NULL:
org.hibernate.query.internal.NativeQueryImpl@42e95ec1
2022-02-19 01:08:13 - a new session has been created for user with email ron@gmail.com. creation time is: 1645254493343 session inactive Interval is: 500000
2022-02-19 01:08:19 - active session. Logged in user has email: ron@gmail.com. creation time is: 1645254493343
2022-02-19 01:19:54 - reviewRepo started: 2022-02-19T01:19:54.028
2022-02-19 01:19:54 - UserRepo started: 2022-02-19T01:19:54.090
2022-02-19 01:19:54 - started: 2022-02-19T01:19:54.090
2022-02-19 01:19:54 - started: 2022-02-19T01:19:54.641
2022-02-19 01:20:05 - started: 2022-02-19T01:20:05.864
2022-02-19 01:20:06 - query is NOT NULL:
org.hibernate.query.internal.NativeQueryImpl@2ab68b5f
2022-02-19 01:20:07 - a new session has been created for user with email ron@gmail.com. creation time is: 1645255207188 session inactive Interval is: 50000
2022-02-19 01:21:01 - reviewRepo started: 2022-02-19T01:21:01.831
2022-02-19 01:21:01 - UserRepo started: 2022-02-19T01:21:01.924
2022-02-19 01:21:01 - started: 2022-02-19T01:21:01.926
2022-02-19 01:21:02 - started: 2022-02-19T01:21:02.411
2022-02-19 01:21:07 - started: 2022-02-19T01:21:07.983
2022-02-19 01:21:08 - query is NOT NULL:
org.hibernate.query.internal.NativeQueryImpl@65e68c37
2022-02-19 01:21:09 - a new session has been created for user with ID: null and email Ahmad@gmail.com. creation time is: 1645255269301 session inactive Interval is: 50000
2022-02-19 01:22:57 - reviewRepo started: 2022-02-19T01:22:57.655
2022-02-19 01:22:57 - UserRepo started: 2022-02-19T01:22:57.718
2022-02-19 01:22:57 - started: 2022-02-19T01:22:57.718
2022-02-19 01:22:58 - started: 2022-02-19T01:22:58.249
2022-02-19 01:23:08 - started: 2022-02-19T01:23:08.028
2022-02-19 01:23:08 - query is NOT NULL:
org.hibernate.query.internal.NativeQueryImpl@3f980d03
2022-02-19 01:23:08 - [Ljava.lang.Object; cannot be cast to com.revature.springbootdemo.beans.models.UserModel
	com.revature.springbootdemo.beans.repositories.CustomUserRepoImpl.findByName(CustomUserRepoImpl.java:92)
	com.revature.springbootdemo.beans.Controller.UserController.Login(UserController.java:92)
	sun.reflect.NativeMethodAccessorImpl.invoke0(Native Method)
	sun.reflect.NativeMethodAccessorImpl.invoke(NativeMethodAccessorImpl.java:62)
	sun.reflect.DelegatingMethodAccessorImpl.invoke(DelegatingMethodAccessorImpl.java:43)
	java.lang.reflect.Method.invoke(Method.java:498)
	org.springframework.web.method.support.InvocableHandlerMethod.doInvoke(InvocableHandlerMethod.java:205)
	org.springframework.web.method.support.InvocableHandlerMethod.invokeForRequest(InvocableHandlerMethod.java:150)
	org.springframework.web.servlet.mvc.method.annotation.ServletInvocableHandlerMethod.invokeAndHandle(ServletInvocableHandlerMethod.java:117)
	org.springframework.web.servlet.mvc.method.annotation.RequestMappingHandlerAdapter.invokeHandlerMethod(RequestMappingHandlerAdapter.java:895)

2022-02-19 01:24:56 - reviewRepo started: 2022-02-19T01:24:56.066
2022-02-19 01:24:56 - UserRepo started: 2022-02-19T01:24:56.158
2022-02-19 01:24:56 - started: 2022-02-19T01:24:56.161
2022-02-19 01:24:56 - started: 2022-02-19T01:24:56.937
2022-02-19 01:25:10 - started: 2022-02-19T01:25:10.757
2022-02-19 01:25:11 - query is NOT NULL:
org.hibernate.query.internal.NativeQueryImpl@4736db19
2022-02-19 01:25:11 - [Ljava.lang.Object; cannot be cast to com.revature.springbootdemo.beans.models.UserModel
	com.revature.springbootdemo.beans.repositories.CustomUserRepoImpl.findByName(CustomUserRepoImpl.java:93)
	com.revature.springbootdemo.beans.Controller.UserController.Login(UserController.java:92)
	sun.reflect.NativeMethodAccessorImpl.invoke0(Native Method)
	sun.reflect.NativeMethodAccessorImpl.invoke(NativeMethodAccessorImpl.java:62)
	sun.reflect.DelegatingMethodAccessorImpl.invoke(DelegatingMethodAccessorImpl.java:43)
	java.lang.reflect.Method.invoke(Method.java:498)
	org.springframework.web.method.support.InvocableHandlerMethod.doInvoke(InvocableHandlerMethod.java:205)
	org.springframework.web.method.support.InvocableHandlerMethod.invokeForRequest(InvocableHandlerMethod.java:150)
	org.springframework.web.servlet.mvc.method.annotation.ServletInvocableHandlerMethod.invokeAndHandle(ServletInvocableHandlerMethod.java:117)
	org.springframework.web.servlet.mvc.method.annotation.RequestMappingHandlerAdapter.invokeHandlerMethod(RequestMappingHandlerAdapter.java:895)

2022-02-19 01:28:07 - reviewRepo started: 2022-02-19T01:28:07.843
2022-02-19 01:28:07 - UserRepo started: 2022-02-19T01:28:07.921
2022-02-19 01:28:07 - started: 2022-02-19T01:28:07.921
2022-02-19 01:28:08 - started: 2022-02-19T01:28:08.405
2022-02-19 01:28:13 - started: 2022-02-19T01:28:13.201
2022-02-19 01:28:13 - query is NOT NULL:
org.hibernate.query.internal.NativeQueryImpl@1ff30ea6
2022-02-19 01:28:14 - a new session has been created for user with ID: null and email ron@gmail.com. creation time is: 1645255694610 session inactive Interval is: 50000
2022-02-19 01:28:21 - active session. Logged in user has ID: null and email: ron@gmail.com. creation time is: 1645255694610
2022-02-19 02:01:25 - reviewRepo started: 2022-02-19T02:01:25.222
2022-02-19 02:01:25 - UserRepo started: 2022-02-19T02:01:25.300
2022-02-19 02:01:25 - started: 2022-02-19T02:01:25.300
2022-02-19 02:01:26 - started: 2022-02-19T02:01:26.180
2022-02-19 02:02:19 - started: 2022-02-19T02:02:19.027
2022-02-19 02:02:20 - query is NOT NULL:
org.hibernate.query.internal.NativeQueryImpl@1f3aa214
2022-02-19 02:02:21 - a new session has been created for user with ID: 7 and email Ahmad@gmail.com. creation time is: 1645257741139 session inactive Interval is: 50000
2022-02-19 02:32:45 - reviewRepo started: 2022-02-19T02:32:45.814
2022-02-19 02:32:45 - UserRepo started: 2022-02-19T02:32:45.915
2022-02-19 02:32:45 - started: 2022-02-19T02:32:45.918
2022-02-19 02:32:46 - started: 2022-02-19T02:32:46.689
2022-02-19 02:32:54 - started: 2022-02-19T02:32:54.835
2022-02-19 02:32:55 - query is NOT NULL:
org.hibernate.query.internal.NativeQueryImpl@510d96dc
2022-02-19 02:32:56 - a new session has been created for user with ID: 7 and email Ahmad@gmail.com. creation time is: 1645259576681 session inactive Interval is: 50000
2022-02-19 02:33:12 - started: 2022-02-19T02:33:12.759
2022-02-19 02:33:13 - query is NOT NULL:
org.hibernate.query.internal.NativeQueryImpl@5c0b887d
2022-02-19 02:33:13 - a new session has been created for user with ID: 7 and email Ahmad@gmail.com. creation time is: 1645259576681 session inactive Interval is: 50000
2022-02-19 02:34:33 - reviewRepo started: 2022-02-19T02:34:33.387
2022-02-19 02:34:33 - UserRepo started: 2022-02-19T02:34:33.463
2022-02-19 02:34:33 - started: 2022-02-19T02:34:33.463
2022-02-19 02:34:34 - started: 2022-02-19T02:34:34.010
2022-02-19 02:34:41 - started: 2022-02-19T02:34:41.032
2022-02-19 02:34:41 - query is NOT NULL:
org.hibernate.query.internal.NativeQueryImpl@7c9980ee
2022-02-19 02:34:42 - a new session has been created for user with ID: 7 and email Ahmad@gmail.com. creation time is: 1645259682489 session inactive Interval is: 50000
2022-02-19 02:37:28 - reviewRepo started: 2022-02-19T02:37:28.394
2022-02-19 02:37:28 - UserRepo started: 2022-02-19T02:37:28.506
2022-02-19 02:37:28 - started: 2022-02-19T02:37:28.508
2022-02-19 02:37:29 - started: 2022-02-19T02:37:29.122
2022-02-19 02:37:34 - started: 2022-02-19T02:37:34.767
2022-02-19 02:37:35 - query is NOT NULL:
org.hibernate.query.internal.NativeQueryImpl@5c94659b
2022-02-19 02:37:36 - a new session has been created for user with ID: 7 and email Ahmad@gmail.com. creation time is: 1645259856317 session inactive Interval is: 50000
2022-02-19 02:37:54 - active session. Logged in user has ID: 7 and email: Ahmad@gmail.com. creation time is: 1645259856317
2022-02-19 02:38:58 - java.lang.Integer cannot be cast to java.lang.String
	com.revature.springbootdemo.beans.Controller.ReviewController.CreateReview(ReviewController.java:63)
	sun.reflect.NativeMethodAccessorImpl.invoke0(Native Method)
	sun.reflect.NativeMethodAccessorImpl.invoke(NativeMethodAccessorImpl.java:62)
	sun.reflect.DelegatingMethodAccessorImpl.invoke(DelegatingMethodAccessorImpl.java:43)
	java.lang.reflect.Method.invoke(Method.java:498)
	org.springframework.web.method.support.InvocableHandlerMethod.doInvoke(InvocableHandlerMethod.java:205)
	org.springframework.web.method.support.InvocableHandlerMethod.invokeForRequest(InvocableHandlerMethod.java:150)
	org.springframework.web.servlet.mvc.method.annotation.ServletInvocableHandlerMethod.invokeAndHandle(ServletInvocableHandlerMethod.java:117)
	org.springframework.web.servlet.mvc.method.annotation.RequestMappingHandlerAdapter.invokeHandlerMethod(RequestMappingHandlerAdapter.java:895)
	org.springframework.web.servlet.mvc.method.annotation.RequestMappingHandlerAdapter.handleInternal(RequestMappingHandlerAdapter.java:808)

2022-02-19 02:39:55 - reviewRepo started: 2022-02-19T02:39:55.226
2022-02-19 02:39:55 - UserRepo started: 2022-02-19T02:39:55.343
2022-02-19 02:39:55 - started: 2022-02-19T02:39:55.346
2022-02-19 02:39:56 - started: 2022-02-19T02:39:56.072
2022-02-19 02:40:01 - started: 2022-02-19T02:40:01.235
2022-02-19 02:40:01 - query is NOT NULL:
org.hibernate.query.internal.NativeQueryImpl@2a568f13
2022-02-19 02:40:02 - a new session has been created for user with ID: 7 and email Ahmad@gmail.com. creation time is: 1645260002796 session inactive Interval is: 50000
2022-02-19 02:40:21 - active session. Logged in user has ID: 7 and email: Ahmad@gmail.com. creation time is: 1645260002796
2022-02-19 02:40:34 - java.lang.Integer cannot be cast to java.lang.String
	com.revature.springbootdemo.beans.Controller.ReviewController.CreateReview(ReviewController.java:64)
	sun.reflect.NativeMethodAccessorImpl.invoke0(Native Method)
	sun.reflect.NativeMethodAccessorImpl.invoke(NativeMethodAccessorImpl.java:62)
	sun.reflect.DelegatingMethodAccessorImpl.invoke(DelegatingMethodAccessorImpl.java:43)
	java.lang.reflect.Method.invoke(Method.java:498)
	org.springframework.web.method.support.InvocableHandlerMethod.doInvoke(InvocableHandlerMethod.java:205)
	org.springframework.web.method.support.InvocableHandlerMethod.invokeForRequest(InvocableHandlerMethod.java:150)
	org.springframework.web.servlet.mvc.method.annotation.ServletInvocableHandlerMethod.invokeAndHandle(ServletInvocableHandlerMethod.java:117)
	org.springframework.web.servlet.mvc.method.annotation.RequestMappingHandlerAdapter.invokeHandlerMethod(RequestMappingHandlerAdapter.java:895)
	org.springframework.web.servlet.mvc.method.annotation.RequestMappingHandlerAdapter.handleInternal(RequestMappingHandlerAdapter.java:808)

2022-02-19 02:41:20 - reviewRepo started: 2022-02-19T02:41:20.522
2022-02-19 02:41:20 - UserRepo started: 2022-02-19T02:41:20.600
2022-02-19 02:41:20 - started: 2022-02-19T02:41:20.602
2022-02-19 02:41:21 - started: 2022-02-19T02:41:21.159
2022-02-19 02:41:25 - started: 2022-02-19T02:41:25.161
2022-02-19 02:41:25 - query is NOT NULL:
org.hibernate.query.internal.NativeQueryImpl@75d02f59
2022-02-19 02:41:26 - a new session has been created for user with ID: 7 and email Ahmad@gmail.com. creation time is: 1645260086909 session inactive Interval is: 50000
2022-02-19 02:41:47 - active session. Logged in user has ID: 7 and email: Ahmad@gmail.com. creation time is: 1645260086909
2022-02-19 02:45:31 - reviewRepo started: 2022-02-19T02:45:31.955
2022-02-19 02:45:32 - UserRepo started: 2022-02-19T02:45:32.014
2022-02-19 02:45:32 - started: 2022-02-19T02:45:32.029
2022-02-19 02:45:32 - started: 2022-02-19T02:45:32.573
2022-02-19 02:56:00 - reviewRepo started: 2022-02-19T02:56:00.454
2022-02-19 02:56:00 - UserRepo started: 2022-02-19T02:56:00.528
2022-02-19 02:56:00 - started: 2022-02-19T02:56:00.528
2022-02-19 02:56:01 - started: 2022-02-19T02:56:01.118
2022-02-19 02:56:07 - started: 2022-02-19T02:56:07.177
2022-02-19 02:56:07 - query is NOT NULL:
org.hibernate.query.internal.NativeQueryImpl@518c5cbb
2022-02-19 02:56:08 - a new session has been created for user with ID: 7 and email Ahmad@gmail.com. creation time is: 1645260968687 session inactive Interval is: 50000
2022-02-19 02:56:22 - active session. Logged in user has ID: 7 and email: Ahmad@gmail.com. creation time is: 1645260968687
2022-02-19 02:57:28 - reviewRepo started: 2022-02-19T02:57:28.935
2022-02-19 02:57:29 - UserRepo started: 2022-02-19T02:57:29.014
2022-02-19 02:57:29 - started: 2022-02-19T02:57:29.016
2022-02-19 02:57:29 - started: 2022-02-19T02:57:29.583
2022-02-19 02:57:34 - started: 2022-02-19T02:57:34.784
2022-02-19 02:57:35 - query is NOT NULL:
org.hibernate.query.internal.NativeQueryImpl@5dee58f6
2022-02-19 02:57:36 - a new session has been created for user with ID: 7 and email Ahmad@gmail.com. creation time is: 1645261056415 session inactive Interval is: 50000
2022-02-19 02:57:43 - active session. Logged in user has ID: 7 and email: Ahmad@gmail.com. creation time is: 1645261056415
2022-02-19 03:07:05 - reviewRepo started: 2022-02-19T03:07:05.754
2022-02-19 03:07:05 - UserRepo started: 2022-02-19T03:07:05.832
2022-02-19 03:07:05 - started: 2022-02-19T03:07:05.832
2022-02-19 03:07:06 - started: 2022-02-19T03:07:06.354
2022-02-19 03:07:17 - started: 2022-02-19T03:07:17.590
2022-02-19 03:07:18 - query is NOT NULL:
org.hibernate.query.internal.NativeQueryImpl@8b875fc
2022-02-19 03:07:18 - query returned no results. user doesn't exist
2022-02-19 03:07:22 - started: 2022-02-19T03:07:22.407
2022-02-19 03:07:22 - query is NOT NULL:
org.hibernate.query.internal.NativeQueryImpl@46e0c421
2022-02-19 03:07:23 - a new session has been created for user with ID: 7 and email Ahmad@gmail.com. creation time is: 1645261643575 session inactive Interval is: 50000
2022-02-19 03:07:58 - active session. Logged in user has ID: 7 and email: Ahmad@gmail.com. creation time is: 1645261643575
2022-02-19 03:27:06 - reviewRepo started: 2022-02-19T03:27:06.827
2022-02-19 03:27:06 - UserRepo started: 2022-02-19T03:27:06.834
2022-02-19 03:27:06 - started: 2022-02-19T03:27:06.838
2022-02-19 03:27:07 - started: 2022-02-19T03:27:07.435
2022-02-19 03:27:18 - started: 2022-02-19T03:27:18.483
2022-02-19 03:27:19 - query is NOT NULL:
org.hibernate.query.internal.NativeQueryImpl@29e7d1e
2022-02-19 03:27:19 - a new session has been created for user with ID: 2 and email Sam@gmail.com. creation time is: 1645262839927 session inactive Interval is: 50000
2022-02-19 03:27:31 - active session. Logged in user has ID: 2 and email: Sam@gmail.com. creation time is: 1645262839927
2022-02-19 03:35:09 - reviewRepo started: 2022-02-19T03:35:09.649
2022-02-19 03:35:09 - UserRepo started: 2022-02-19T03:35:09.649
2022-02-19 03:35:09 - started: 2022-02-19T03:35:09.649
2022-02-19 03:35:10 - started: 2022-02-19T03:35:10.164
2022-02-19 03:35:12 - started: 2022-02-19T03:35:12.975
2022-02-19 03:35:13 - query is NOT NULL:
org.hibernate.query.internal.NativeQueryImpl@5fbbe2af
2022-02-19 03:35:14 - a new session has been created for user with ID: 2 and email Sam@gmail.com. creation time is: 1645263314502 session inactive Interval is: 50000
2022-02-19 03:35:30 - active session. Logged in user has ID: 2 and email: Sam@gmail.com. creation time is: 1645263314502
2022-02-19 03:36:17 - active session. Logged in user has ID: 2 and email: Sam@gmail.com. creation time is: 1645263314502
2022-02-19 03:42:13 - reviewRepo started: 2022-02-19T03:42:13.494
2022-02-19 03:42:13 - UserRepo started: 2022-02-19T03:42:13.509
2022-02-19 03:42:13 - started: 2022-02-19T03:42:13.509
2022-02-19 03:42:14 - started: 2022-02-19T03:42:14.025
2022-02-19 03:42:23 - started: 2022-02-19T03:42:23.426
2022-02-19 03:42:24 - query is NOT NULL:
org.hibernate.query.internal.NativeQueryImpl@54e6fe25
2022-02-19 03:42:24 - a new session has been created for user with ID: 2 and email Sam@gmail.com. creation time is: 1645263744992 session inactive Interval is: 50000
2022-02-19 03:42:37 - active session. Logged in user has ID: 2 and email: Sam@gmail.com. creation time is: 1645263744992
